<?xml version="1.0" encoding="UTF-8"?>
<!-- Generated by org.testng.reporters.JUnitReportReporter -->
<testsuite hostname="Olda-MacBook-Pro.local" name="cz.mendelu.wedding.GiftDaoTest" tests="2" failures="0" timestamp="1 Jun 2019 09:18:30 GMT" time="2.052" errors="0">
  <testcase name="testSave" time="0.893" classname="cz.mendelu.wedding.GiftDaoTest"/>
  <testcase name="testSaveWithGuest" time="1.159" classname="cz.mendelu.wedding.GiftDaoTest"/>
</testsuite> <!-- cz.mendelu.wedding.GiftDaoTest -->
