<?xml version="1.0" encoding="UTF-8"?>
<!-- Generated by org.testng.reporters.JUnitReportReporter -->
<testsuite hostname="Olda-MacBook-Pro.local" name="cz.mendelu.wedding.GuestDaoTest" tests="1" failures="0" timestamp="1 Jun 2019 09:18:30 GMT" time="0.866" errors="0">
  <testcase name="testSave" time="0.866" classname="cz.mendelu.wedding.GuestDaoTest"/>
</testsuite> <!-- cz.mendelu.wedding.GuestDaoTest -->
